
Job #0: Run #0:
Job #1: Run #0:
  % Total    % Received % Xferd  Average Speed   Time    Time     Time  Current
                                 Dload  Upload   Total   Spent    Left  Speed
  0     0    0     0    0     0      0      0 --:--:-- --:--:-- --:--:--     0  % Total    % Received % Xferd  Average Speed   Time    Time     Time  Current
                                 Dload  Upload   Total   Spent    Left  Speed
  0     0    0     0    0     0      0      0 --:--:-- --:--:-- --:--:--     0*   Trying 127.0.1.1...
* Connected to heili.berlin.lo (127.0.1.1) port 443 (#0)
*   Trying 127.0.1.1...
* Connected to heili.berlin.lo (127.0.1.1) port 443 (#0)
* found 173 certificates in /etc/ssl/certs/ca-certificates.crt
* found 173 certificates in /etc/ssl/certs/ca-certificates.crt
* found 698 certificates in /etc/ssl/certs
* ALPN, offering h2
* ALPN, offering http/1.1
* found 698 certificates in /etc/ssl/certs
* ALPN, offering h2
* ALPN, offering http/1.1
* SSL connection using TLS1.2 / ECDHE_RSA_AES_128_GCM_SHA256
* 	 server certificate verification SKIPPED
* 	 server certificate status verification SKIPPED
* 	 common name: heili.berlin.lo (matched)
** SSL connection using TLS1.2 / ECDHE_RSA_AES_128_GCM_SHA256
* 	 server certificate verification SKIPPED
* 	 server certificate status verification SKIPPED
* 	 common name: heili.berlin.lo (matched)
* 	 server certificate expiration date OK
* 	 server certificate activation date OK
* 	 certificate public key: RSA
* 	 certificate version: #1
* 	 subject: C=DE,ST=Berlin,L=Berlin,O=Kakkau Inc.,OU=Information Technology,CN=heili.berlin.lo,EMAIL=emil@berlin.lo
* 	 start date: Wed, 02 Dec 2015 04:04:29 GMT
* 	 expire date: Thu, 01 Dec 2016 04:04:29 GMT
* 	 issuer: C=DE,ST=Berlin,L=Berlin,O=Kakkau Inc.,OU=Information Technology,CN=heili.berlin.lo,EMAIL=emil@berlin.lo
* 	 compression: NULL
* ALPN, server accepted to use http/1.1
> GET /examples/shm/shmhandler.php HTTP/1.1
> Host: heili.berlin.lo
> User-Agent: curl/7.47.0
> Accept: */*
> 
 	 server certificate expiration date OK
* 	 server certificate activation date OK
* 	 certificate public key: RSA
* 	 certificate version: #1
* 	 subject: C=DE,ST=Berlin,L=Berlin,O=Kakkau Inc.,OU=Information Technology,CN=heili.berlin.lo,EMAIL=emil@berlin.lo
* 	 start date: Wed, 02 Dec 2015 04:04:29 GMT
* 	 expire date: Thu, 01 Dec 2016 04:04:29 GMT
* 	 issuer: C=DE,ST=Berlin,L=Berlin,O=Kakkau Inc.,OU=Information Technology,CN=heili.berlin.lo,EMAIL=emil@berlin.lo
* 	 compression: NULL
* ALPN, server accepted to use http/1.1
  0     0    0     0    0     0      0      0 --:--:-- --:--:-- --:--:--     0> GET /examples/shm/shmhandler.php HTTP/1.1
> Host: heili.berlin.lo
> User-Agent: curl/7.47.0
> Accept: */*
> 
< HTTP/1.1 200 OK
< Date: Sat, 12 Mar 2016 16:56:16 GMT
< Server: Apache
< Vary: Accept-Encoding
< X-Content-Type-Options: nosniff
< X-Frame-Options: sameorigin
< Content-Length: 78
< Content-Type: text/html; charset=UTF-8
< 
  0    78    0     0    0     0      0      0 --:--:-- --:--:-- --:-<- :HTTP/1.1 200 OK
-<-  Date: Sat, 12 Mar 2016 16:56:16 GMT
 <   Server: Apache
 <0 Vary: Accept-Encoding
< X-Content-Type-Options: nosniff
< X-Frame-Options: sameorigin
{<  [Transfer-Encoding: chunked
7<8  Content-Type: text/html; charset=UTF-8
b<y t
es data]{
 [6 bytes 1d0a0t a ] 
 78  100    78    0     0     94      0 --:--:-- --:--:-- --:--:--    94
* Connection #0 to host heili.berlin.lo left intact
r='[conf][s:17:"ueberconf:present";];[conf][s:17:"ueberconf:present";];'<br/>
<br />
<font size='1'><table class='xdebug-error xe-warning' dir='ltr' border='1' cellspacing='0' cellpadding='1'>
<tr><th align='left' bgcolor='#f57900' colspan="5"><span style='background-color: #cc0000; color: #fce94f; font-size: x-large;'>( ! )</span> Warning: shmop_open(): unable to attach or create shared memory segment in /home/marc/Development/projects/www/heili/deploy/core/shm/handler/sharedmemoryhandler.class.php on line <i>448</i></th></tr>
<tr><th align='left' bgcolor='#e9b96e' colspan='5'>Call Stack</th></tr>
<tr><th align='center' bgcolor='#eeeeec'>#</th><th align='left' bgcolor='#eeeeec'>Time</th><th align='left' bgcolor='#eeeeec'>Memory</th><th align='left' bgcolor='#eeeeec'>Function</th><th align='left' bgcolor='#eeeeec'>Location</th></tr>
<tr><td bgcolor='#eeeeec' align='center'>1</td><td bgcolor='#eeeeec' align='center'>0.0001</td><td bgcolor='#eeeeec' align='right'>131996</td><td bgcolor='#eeeeec'>{main}(  )</td><td title='/home/marc/Development/projects/www/heili/deploy/examples/shm/shmhandler.php' bgcolor='#eeeeec'>../shmhandler.php<b>:</b>0</td></tr>
<tr><td bgcolor='#eeeeec' align='center'>2</td><td bgcolor='#eeeeec' align='center'>0.1344</td><td bgcolor='#eeeeec' align='right'>248716</td><td bgcolor='#eeeeec'>core\shm\handler\SharedMemoryHandler->get(  )</td><td title='/home/marc/Development/projects/www/heili/deploy/examples/shm/shmhandler.php' bgcolor='#eeeeec'>../shmhandler.php<b>:</b>24</td></tr>
<tr><td bgcolor='#eeeeec' align='center'>3</td><td bgcolor='#eeeeec' align='center'>0.1344</td><td bgcolor='#eeeeec' align='right'>248856</td><td bgcolor='#eeeeec'>core\shm\handler\SharedMemoryHandler->attach(  )</td><td title='/home/marc/Development/projects/www/heili/deploy/core/shm/handler/sharedmemoryhandler.class.php' bgcolor='#eeeeec'>../sharedmemoryhandler.class.php<b>:</b>605</td></tr>
<tr><td bgcolor='#eeeeec' align='center'>4</td><td bgcolor='#eeeeec' align='center'>0.1434</td><td bgcolor='#eeeeec' align='right'>249024</td><td bgcolor='#eeeeec'><a href='http://www.php.net/function.shmop-open' target='_new'>shmop_open</a>
(  )</td><td title='/home/marc/Development/projects/www/heili/deploy/core/shm/handler/sharedmemoryhandler.class.php' bgcolor='#eeeeec'>../sharedmemoryhandler.class.php<b>:</b>448</td></tr>
<tr><th colspan='5' align='left' bgcolor='#e9b96e'>Dump <i>$_SERVER</i></th></tr>
<tr><td colspan='2' align='right' bgcolor='#eeeeec' valign='top'><pre>$_SERVER['UNIQUE_ID']&nbsp;=</pre></td><td colspan='3' bgcolor='#eeeeec'><pre class='xdebug-var-dump' dir='ltr'><small>string</small> <font color='#cc0000'>'VuRKMH8AAAEAAA@d4j4AAAAF'</font> <i>(length=24)</i>
</pre></td></tr>
<tr><td colspan='2' align='right' bgcolor='#eeeeec' valign='top'><pre>$_SERVER['SCRIPT_URL']&nbsp;=</pre></td><td colspan='3' bgcolor='#eeeeec'><pre class='xdebug-var-dump' dir='ltr'><small>string</small> <font color='#cc0000'>'/examples/shm/shmhandler.php'</font> <i>(length=28)</i>
</pre></td></tr>
<tr><td colspan='2' align='right' bgcolor='#eeeeec' valign='top'><pre>$_SERVER['SCRIPT_URI']&nbsp;=</pre></td><td colspan='3' bgcolor='#eeeeec'><pre class='xdebug-var-dump' dir='ltr'><small>string</small> <font color='#cc0000'>'https://heili.berlin.lo/examples/shm/shmhandler.php'</font> <i>(length=51)</i>
</pre></td></tr>
<tr><td colspan='2' align='right' bgcolor='#eeeeec' valign='top'><pre>$_SERVER['HTTPS']&nbsp;=</pre></td><td colspan='3' bgcolor='#eeeeec'><pre class='xdebug-var-dump' dir='ltr'><small>string</small> <font color='#cc0000'>'on'</font> <i>(length=2)</i>
</pre></td></tr>
<tr><td colspan='2' align='right' bgcolor='#eeeeec' valign='top'><pre>$_SERVER['SSL_TLS_SNI']&nbsp;=</pre></td><td colspan='3' bgcolor='#eeeeec'><pre class='xdebug-var-dump' dir='ltr'><small>string</small> <font color='#cc0000'>'heili.berlin.lo'</font> <i>(length=15)</i>
</pre></td></tr>
<tr><td colspan='2' align='right' bgcolor='#eeeeec' valign='top'><pre>$_SERVER['SSL_SERVER_S_DN_C']&nbsp;=</pre></td><td colspan='3' bgcolor='#eeeeec'><pre class='xdebug-var-dump' dir='ltr'><small>string</small> <font color='#cc0000'>'DE'</font> <i>(length=2)</i>
</pre></td></tr>
<tr><td colspan='2' align='right' bgcolor='#eeeeec' valign='top'><pre>$_SERVER['SSL_SERVER_S_DN_ST']&nbsp;=</pre></td><td colspan='3' bgcolor='#eeeeec'><pre class='xdebug-var-dump' dir='ltr'><small>string</small> <font color='#cc0000'>'Berlin'</font> <i>(length=6)</i>
</pre></td></tr>
<tr><td colspan='2' align='right' bgcolor='#eeeeec' valign='top'><pre>$_SERVER['SSL_SERVER_S_DN_L']&nbsp;=</pre></td><td colspan='3' bgcolor='#eeeeec'><pre class='xdebug-var-dump' dir='ltr'><small>string</small> <font color='#cc0000'>'Berlin'</font> <i>(length=6)</i>
</pre></td></tr>
<tr><td colspan='2' align='right' bgcolor='#eeeeec' valign='top'><pre>$_SERVER['SSL_SERVER_S_DN_O']&nbsp;=</pre></td><td colspan='3' bgcolor='#eeeeec'><pre class='xdebug-var-dump' dir='ltr'><small>string</small> <font color='#cc0000'>'Kakkau Inc.'</font> <i>(length=11)</i>
</pre></td></tr>
<tr><td colspan='2' align='right' bgcolor='#eeeeec' valign='top'><pre>$_SERVER['SSL_SERVER_S_DN_OU']&nbsp;=</pre></td><td colspan='3' bgcolor='#eeeeec'><pre class='xdebug-var-dump' dir='ltr'><small>string</small> <font color='#cc0000'>'Information Technology'</font> <i>(length=22)</i>
</pre></td></tr>
<tr><td colspan='2' align='right' bgcolor='#eeeeec' valign='top'><pre>$_SERVER['SSL_SERVER_S_DN_CN']&nbsp;=</pre></td><td colspan='3' bgcolor='#eeeeec'><pre class='xdebug-var-dump' dir='ltr'><small>string</small> <font color='#cc0000'>'heili.berlin.lo'</font> <i>(length=15)</i>
</pre></td></tr>
<tr><td colspan='2' align='right' bgcolor='#eeeeec' valign='top'><pre>$_SERVER['SSL_SERVER_S_DN_Email']&nbsp;=</pre></td><td colspan='3' bgcolor='#eeeeec'><pre class='xdebug-var-dump' dir='ltr'><small>string</small> <font color='#cc0000'>'emil@berlin.lo'</font> <i>(length=14)</i>
</pre></td></tr>
<tr><td colspan='2' align='right' bgcolor='#eeeeec' valign='top'><pre>$_SERVER['SSL_SERVER_I_DN_C']&nbsp;=</pre></td><td colspan='3' bgcolor='#eeeeec'><pre class='xdebug-var-dump' dir='ltr'><small>string</small> <font color='#cc0000'>'DE'</font> <i>(length=2)</i>
</pre></td></tr>
<tr><td colspan='2' align='right' bgcolor='#eeeeec' valign='top'><pre>$_SERVER['SSL_SERVER_I_DN_ST']&nbsp;=</pre></td><td colspan='3' bgcolor='#eeeeec'><pre class='xdebug-var-dump' dir='ltr'><small>string</small> <font color='#cc0000'>'Berlin'</font> <i>(length=6)</i>
</pre></td></tr>
<tr><td colspan='2' align='right' bgcolor='#eeeeec' valign='top'><pre>$_SERVER['SSL_SERVER_I_DN_L']&nbsp;=</pre></td><td colspan='3' bgcolor='#eeeeec'><pre class='xdebug-var-dump' dir='ltr'><small>string</small> <font color='#cc0000'>'Berlin'</font> <i>(length=6)</i>
</pre></td></tr>
<tr><td colspan='2' align='right' bgcolor='#eeeeec' valign='top'><pre>$_SERVER['SSL_SERVER_I_DN_O']&nbsp;=</pre></td><td colspan='3' bgcolor='#eeeeec'><pre class='xdebug-var-dump' dir='ltr'><small>string</small> <font color='#cc0000'>'Kakkau Inc.'</font> <i>(length=11)</i>
</pre></td></tr>
<tr><td colspan='2' align='right' bgcolor='#eeeeec' valign='top'><pre>$_SERVER['SSL_SERVER_I_DN_OU']&nbsp;=</pre></td><td colspan='3' bgcolor='#eeeeec'><pre class='xdebug-var-dump' dir='ltr'><small>string</small> <font color='#cc0000'>'Information Technology'</font> <i>(length=22)</i>
</pre></td></tr>
<tr><td colspan='2' align='right' bgcolor='#eeeeec' valign='top'><pre>$_SERVER['SSL_SERVER_I_DN_CN']&nbsp;=</pre></td><td colspan='3' bgcolor='#eeeeec'><pre class='xdebug-var-dump' dir='ltr'><small>string</small> <font color='#cc0000'>'heili.berlin.lo'</font> <i>(length=15)</i>
</pre></td></tr>
<tr><td colspan='2' align='right' bgcolor='#eeeeec' valign='top'><pre>$_SERVER['SSL_SERVER_I_DN_Email']&nbsp;=</pre></td><td colspan='3' bgcolor='#eeeeec'><pre class='xdebug-var-dump' dir='ltr'><small>string</small> <font color='#cc0000'>'emil@berlin.lo'</font> <i>(length=14)</i>
</pre></td></tr>
<tr><td colspan='2' align='right' bgcolor='#eeeeec' valign='top'><pre>$_SERVER['SSL_VERSION_INTERFACE']&nbsp;=</pre></td><td colspan='3' bgcolor='#eeeeec'><pre class='xdebug-var-dump' dir='ltr'><small>string</small> <font color='#cc0000'>'mod_ssl/2.4.18'</font> <i>(length=14)</i>
</pre></td></tr>
<tr><td colspan='2' align='right' bgcolor='#eeeeec' valign='top'><pre>$_SERVER['SSL_VERSION_LIBRARY']&nbsp;=</pre></td><td colspan='3' bgcolor='#eeeeec'><pre class='xdebug-var-dump' dir='ltr'><small>string</small> <font color='#cc0000'>'OpenSSL/1.0.2g'</font> <i>(length=14)</i>
</pre></td></tr>
<tr><td colspan='2' align='right' bgcolor='#eeeeec' valign='top'><pre>$_SERVER['SSL_PROTOCOL']&nbsp;=</pre></td><td colspan='3' bgcolor='#eeeeec'><pre class='xdebug-var-dump' dir='ltr'><small>string</small> <font color='#cc0000'>'TLSv1.2'</font> <i>(length=7)</i>
</pre></td></tr>
<tr><td colspan='2' align='right' bgcolor='#eeeeec' valign='top'><pre>$_SERVER['SSL_SECURE_RENEG']&nbsp;=</pre></td><td colspan='3' bgcolor='#eeeeec'><pre class='xdebug-var-dump' dir='ltr'><small>string</small> <font color='#cc0000'>'true'</font> <i>(length=4)</i>
</pre></td></tr>
<tr><td colspan='2' align='right' bgcolor='#eeeeec' valign='top'><pre>$_SERVER['SSL_COMPRESS_METHOD']&nbsp;=</pre></td><td colspan='3' bgcolor='#eeeeec'><pre class='xdebug-var-dump' dir='ltr'><small>string</small> <font color='#cc0000'>'NULL'</font> <i>(length=4)</i>
</pre></td></tr>
<tr><td colspan='2' align='right' bgcolor='#eeeeec' valign='top'><pre>$_SERVER['SSL_CIPHER']&nbsp;=</pre></td><td colspan='3' bgcolor='#eeeeec'><pre class='xdebug-var-dump' dir='ltr'><small>string</small> <font color='#cc0000'>'ECDHE-RSA-AES128-GCM-SHA256'</font> <i>(length=27)</i>
</pre></td></tr>
<tr><td colspan='2' align='right' bgcolor='#eeeeec' valign='top'><pre>$_SERVER['SSL_CIPHER_EXPORT']&nbsp;=</pre></td><td colspan='3' bgcolor='#eeeeec'><pre class='xdebug-var-dump' dir='ltr'><small>string</small> <font color='#cc0000'>'false'</font> <i>(length=5)</i>
</pre></td></tr>
<tr><td colspan='2' align='right' bgcolor='#eeeeec' valign='top'><pre>$_SERVER['SSL_CIPHER_USEKEYSIZE']&nbsp;=</pre></td><td colspan='3' bgcolor='#eeeeec'><pre class='xdebug-var-dump' dir='ltr'><small>string</small> <font color='#cc0000'>'128'</font> <i>(length=3)</i>
</pre></td></tr>
<tr><td colspan='2' align='right' bgcolor='#eeeeec' valign='top'><pre>$_SERVER['SSL_CIPHER_ALGKEYSIZE']&nbsp;=</pre></td><td colspan='3' bgcolor='#eeeeec'><pre class='xdebug-var-dump' dir='ltr'><small>string</small> <font color='#cc0000'>'128'</font> <i>(length=3)</i>
</pre></td></tr>
<tr><td colspan='2' align='right' bgcolor='#eeeeec' valign='top'><pre>$_SERVER['SSL_CLIENT_VERIFY']&nbsp;=</pre></td><td colspan='3' bgcolor='#eeeeec'><pre class='xdebug-var-dump' dir='ltr'><small>string</small> <font color='#cc0000'>'NONE'</font> <i>(length=4)</i>
</pre></td></tr>
<tr><td colspan='2' align='right' bgcolor='#eeeeec' valign='top'><pre>$_SERVER['SSL_SERVER_M_VERSION']&nbsp;=</pre></td><td colspan='3' bgcolor='#eeeeec'><pre class='xdebug-var-dump' dir='ltr'><small>string</small> <font color='#cc0000'>'1'</font> <i>(length=1)</i>
</pre></td></tr>
<tr><td colspan='2' align='right' bgcolor='#eeeeec' valign='top'><pre>$_SERVER['SSL_SERVER_M_SERIAL']&nbsp;=</pre></td><td colspan='3' bgcolor='#eeeeec'><pre class='xdebug-var-dump' dir='ltr'><small>string</small> <font color='#cc0000'>'EF6AC70F7FEB2BB8'</font> <i>(length=16)</i>
</pre></td></tr>
<tr><td colspan='2' align='right' bgcolor='#eeeeec' valign='top'><pre>$_SERVER['SSL_SERVER_V_START']&nbsp;=</pre></td><td colspan='3' bgcolor='#eeeeec'><pre class='xdebug-var-dump' dir='ltr'><small>string</small> <font color='#cc0000'>'Dec  2 04:04:29 2015 GMT'</font> <i>(length=24)</i>
</pre></td></tr>
<tr><td colspan='2' align='right' bgcolor='#eeeeec' valign='top'><pre>$_SERVER['SSL_SERVER_V_END']&nbsp;=</pre></td><td colspan='3' bgcolor='#eeeeec'><pre class='xdebug-var-dump' dir='ltr'><small>string</small> <font color='#cc0000'>'Dec  1 04:04:29 2016 GMT'</font> <i>(length=24)</i>
</pre></td></tr>
<tr><td colspan='2' align='right' bgcolor='#eeeeec' valign='top'><pre>$_SERVER['SSL_SERVER_S_DN']&nbsp;=</pre></td><td colspan='3' bgcolor='#eeeeec'><pre class='xdebug-var-dump' dir='ltr'><small>string</small> <font color='#cc0000'>'emailAddress=emil@berlin.lo,CN=heili.berlin.lo,OU=Information Technology,O=Kakkau Inc.,L=Berlin,ST=Berlin,C=DE'</font> <i>(length=110)</i>
</pre></td></tr>
<tr><td colspan='2' align='right' bgcolor='#eeeeec' valign='top'><pre>$_SERVER['SSL_SERVER_I_DN']&nbsp;=</pre></td><td colspan='3' bgcolor='#eeeeec'><pre class='xdebug-var-dump' dir='ltr'><small>string</small> <font color='#cc0000'>'emailAddress=emil@berlin.lo,CN=heili.berlin.lo,OU=Information Technology,O=Kakkau Inc.,L=Berlin,ST=Berlin,C=DE'</font> <i>(length=110)</i>
</pre></td></tr>
<tr><td colspan='2' align='right' bgcolor='#eeeeec' valign='top'><pre>$_SERVER['SSL_SERVER_A_KEY']&nbsp;=</pre></td><td colspan='3' bgcolor='#eeeeec'><pre class='xdebug-var-dump' dir='ltr'><small>string</small> <font color='#cc0000'>'rsaEncryption'</font> <i>(length=13)</i>
</pre></td></tr>
<tr><td colspan='2' align='right' bgcolor='#eeeeec' valign='top'><pre>$_SERVER['SSL_SERVER_A_SIG']&nbsp;=</pre></td><td colspan='3' bgcolor='#eeeeec'><pre class='xdebug-var-dump' dir='ltr'><small>string</small> <font color='#cc0000'>'sha256WithRSAEncryption'</font> <i>(length=23)</i>
</pre></td></tr>
<tr><td colspan='2' align='right' bgcolor='#eeeeec' valign='top'><pre>$_SERVER['SSL_SESSION_RESUMED']&nbsp;=</pre></td><td colspan='3' bgcolor='#eeeeec'><pre class='xdebug-var-dump' dir='ltr'><small>string</small> <font color='#cc0000'>'Initial'</font> <i>(length=7)</i>
</pre></td></tr>
<tr><td colspan='2' align='right' bgcolor='#eeeeec' valign='top'><pre>$_SERVER['HTTP_HOST']&nbsp;=</pre></td><td colspan='3' bgcolor='#eeeeec'><pre class='xdebug-var-dump' dir='ltr'><small>string</small> <font color='#cc0000'>'heili.berlin.lo'</font> <i>(length=15)</i>
</pre></td></tr>
<tr><td colspan='2' align='right' bgcolor='#eeeeec' valign='top'><pre>$_SERVER['HTTP_USER_AGENT']&nbsp;=</pre></td><td colspan='3' bgcolor='#eeeeec'><pre class='xdebug-var-dump' dir='ltr'><small>string</small> <font color='#cc0000'>'curl/7.47.0'</font> <i>(length=11)</i>
</pre></td></tr>
<tr><td colspan='2' align='right' bgcolor='#eeeeec' valign='top'><pre>$_SERVER['HTTP_ACCEPT']&nbsp;=</pre></td><td colspan='3' bgcolor='#eeeeec'><pre class='xdebug-var-dump' dir='ltr'><small>string</small> <font color='#cc0000'>'*/*'</font> <i>(length=3)</i>
</pre></td></tr>
<tr><td colspan='2' align='right' bgcolor='#eeeeec' valign='top'><pre>$_SERVER['PATH']&nbsp;=</pre></td><td colspan='3' bgcolor='#eeeeec'><pre class='xdebug-var-dump' dir='ltr'><small>string</small> <font color='#cc0000'>'/usr/local/sbin:/usr/local/bin:/usr/sbin:/usr/bin:/sbin:/bin'</font> <i>(length=60)</i>
</pre></td></tr>
<tr><td colspan='2' align='right' bgcolor='#eeeeec' valign='top'><pre>$_SERVER['SERVER_SIGNATURE']&nbsp;=</pre></td><td colspan='3' bgcolor='#eeeeec'><pre class='xdebug-var-dump' dir='ltr'><small>string</small> <font color='#cc0000'>''</font> <i>(length=0)</i>
</pre></td></tr>
<tr><td colspan='2' align='right' bgcolor='#eeeeec' valign='top'><pre>$_SERVER['SERVER_SOFTWARE']&nbsp;=</pre></td><td colspan='3' bgcolor='#eeeeec'><pre class='xdebug-var-dump' dir='ltr'><small>string</small> <font color='#cc0000'>'Apache'</font> <i>(length=6)</i>
</pre></td></tr>
<tr><td colspan='2' align='right' bgcolor='#eeeeec' valign='top'><pre>$_SERVER['SERVER_NAME']&nbsp;=</pre></td><td colspan='3' bgcolor='#eeeeec'><pre class='xdebug-var-dump' dir='ltr'><small>string</small> <font color='#cc0000'>'heili.berlin.lo'</font> <i>(length=15)</i>
</pre></td></tr>
<tr><td colspan='2' align='right' bgcolor='#eeeeec' valign='top'><pre>$_SERVER['SERVER_ADDR']&nbsp;=</pre></td><td colspan='3' bgcolor='#eeeeec'><pre class='xdebug-var-dump' dir='ltr'><small>string</small> <font color='#cc0000'>'127.0.1.1'</font> <i>(length=9)</i>
</pre></td></tr>
<tr><td colspan='2' align='right' bgcolor='#eeeeec' valign='top'><pre>$_SERVER['SERVER_PORT']&nbsp;=</pre></td><td colspan='3' bgcolor='#eeeeec'><pre class='xdebug-var-dump' dir='ltr'><small>string</small> <font color='#cc0000'>'443'</font> <i>(length=3)</i>
</pre></td></tr>
<tr><td colspan='2' align='right' bgcolor='#eeeeec' valign='top'><pre>$_SERVER['REMOTE_ADDR']&nbsp;=</pre></td><td colspan='3' bgcolor='#eeeeec'><pre class='xdebug-var-dump' dir='ltr'><small>string</small> <font color='#cc0000'>'127.0.0.1'</font> <i>(length=9)</i>
</pre></td></tr>
<tr><td colspan='2' align='right' bgcolor='#eeeeec' valign='top'><pre>$_SERVER['DOCUMENT_ROOT']&nbsp;=</pre></td><td colspan='3' bgcolor='#eeeeec'><pre class='xdebug-var-dump' dir='ltr'><small>string</small> <font color='#cc0000'>'/home/marc/Development/projects/www/heili/deploy'</font> <i>(length=48)</i>
</pre></td></tr>
<tr><td colspan='2' align='right' bgcolor='#eeeeec' valign='top'><pre>$_SERVER['REQUEST_SCHEME']&nbsp;=</pre></td><td colspan='3' bgcolor='#eeeeec'><pre class='xdebug-var-dump' dir='ltr'><small>string</small> <font color='#cc0000'>'https'</font> <i>(length=5)</i>
</pre></td></tr>
<tr><td colspan='2' align='right' bgcolor='#eeeeec' valign='top'><pre>$_SERVER['CONTEXT_PREFIX']&nbsp;=</pre></td><td colspan='3' bgcolor='#eeeeec'><pre class='xdebug-var-dump' dir='ltr'><small>string</small> <font color='#cc0000'>''</font> <i>(length=0)</i>
</pre></td></tr>
<tr><td colspan='2' align='right' bgcolor='#eeeeec' valign='top'><pre>$_SERVER['CONTEXT_DOCUMENT_ROOT']&nbsp;=</pre></td><td colspan='3' bgcolor='#eeeeec'><pre class='xdebug-var-dump' dir='ltr'><small>string</small> <font color='#cc0000'>'/home/marc/Development/projects/www/heili/deploy'</font> <i>(length=48)</i>
</pre></td></tr>
<tr><td colspan='2' align='right' bgcolor='#eeeeec' valign='top'><pre>$_SERVER['SERVER_ADMIN']&nbsp;=</pre></td><td colspan='3' bgcolor='#eeeeec'><pre class='xdebug-var-dump' dir='ltr'><small>string</small> <font color='#cc0000'>'webmaster@berlin.lo'</font> <i>(length=19)</i>
</pre></td></tr>
<tr><td colspan='2' align='right' bgcolor='#eeeeec' valign='top'><pre>$_SERVER['SCRIPT_FILENAME']&nbsp;=</pre></td><td colspan='3' bgcolor='#eeeeec'><pre class='xdebug-var-dump' dir='ltr'><small>string</small> <font color='#cc0000'>'/home/marc/Development/projects/www/heili/deploy/examples/shm/shmhandler.php'</font> <i>(length=76)</i>
</pre></td></tr>
<tr><td colspan='2' align='right' bgcolor='#eeeeec' valign='top'><pre>$_SERVER['REMOTE_PORT']&nbsp;=</pre></td><td colspan='3' bgcolor='#eeeeec'><pre class='xdebug-var-dump' dir='ltr'><small>string</small> <font color='#cc0000'>'54014'</font> <i>(length=5)</i>
</pre></td></tr>
<tr><td colspan='2' align='right' bgcolor='#eeeeec' valign='top'><pre>$_SERVER['GATEWAY_INTERFACE']&nbsp;=</pre></td><td colspan='3' bgcolor='#eeeeec'><pre class='xdebug-var-dump' dir='ltr'><small>string</small> <font color='#cc0000'>'CGI/1.1'</font> <i>(length=7)</i>
</pre></td></tr>
<tr><td colspan='2' align='right' bgcolor='#eeeeec' valign='top'><pre>$_SERVER['SERVER_PROTOCOL']&nbsp;=</pre></td><td colspan='3' bgcolor='#eeeeec'><pre class='xdebug-var-dump' dir='ltr'><small>string</small> <font color='#cc0000'>'HTTP/1.1'</font> <i>(length=8)</i>
</pre></td></tr>
<tr><td colspan='2' align='right' bgcolor='#eeeeec' valign='top'><pre>$_SERVER['REQUEST_METHOD']&nbsp;=</pre></td><td colspan='3' bgcolor='#eeeeec'><pre class='xdebug-var-dump' dir='ltr'><small>string</small> <font color='#cc0000'>'GET'</font> <i>(length=3)</i>
</pre></td></tr>
<tr><td colspan='2' align='right' bgcolor='#eeeeec' valign='top'><pre>$_SERVER['QUERY_STRING']&nbsp;=</pre></td><td colspan='3' bgcolor='#eeeeec'><pre class='xdebug-var-dump' dir='ltr'><small>string</small> <font color='#cc0000'>''</font> <i>(length=0)</i>
</pre></td></tr>
<tr><td colspan='2' align='right' bgcolor='#eeeeec' valign='top'><pre>$_SERVER['REQUEST_URI']&nbsp;=</pre></td><td colspan='3' bgcolor='#eeeeec'><pre class='xdebug-var-dump' dir='ltr'><small>string</small> <font color='#cc0000'>'/examples/shm/shmhandler.php'</font> <i>(length=28)</i>
</pre></td></tr>
<tr><td colspan='2' align='right' bgcolor='#eeeeec' valign='top'><pre>$_SERVER['SCRIPT_NAME']&nbsp;=</pre></td><td colspan='3' bgcolor='#eeeeec'><pre class='xdebug-var-dump' dir='ltr'><small>string</small> <font color='#cc0000'>'/examples/shm/shmhandler.php'</font> <i>(length=28)</i>
</pre></td></tr>
<tr><td colspan='2' align='right' bgcolor='#eeeeec' valign='top'><pre>$_SERVER['PHP_SELF']&nbsp;=</pre></td><td colspan='3' bgcolor='#eeeeec'><pre class='xdebug-var-dump' dir='ltr'><small>string</small> <font color='#cc0000'>'/examples/shm/shmhandler.php'</font> <i>(length=28)</i>
</pre></td></tr>
<tr><td colspan='2' align='right' bgcolor='#eeeeec' valign='top'><pre>$_SERVER['REQUEST_TIME_FLOAT']&nbsp;=</pre></td><td colspan='3' bgcolor='#eeeeec'><pre class='xdebug-var-dump' dir='ltr'><small>float</small> <font color='#f57900'>1457801776.493</font>
</pre></td></tr>
<tr><td colspan='2' align='right' bgcolor='#eeeeec' valign='top'><pre>$_SERVER['REQUEST_TIME']&nbsp;=</pre></td><td colspan='3' bgcolor='#eeeeec'><pre class='xdebug-var-dump' dir='ltr'><small>int</small> <font color='#4e9a06'>1457801776</font>
</pre></td></tr>
<tr><th colspan='5' align='left' bgcolor='#e9b96e'>Dump <i>$_GET</i></th></tr>
<tr><th colspan='5' align='left' bgcolor='#e9b96e'>Dump <i>$_POST</i></th></tr>
<tr><th colspan='5' align='left' bgcolor='#e9b96e'>Dump <i>$_COOKIE</i></th></tr>
<tr><th colspan='5' align='left' bgcolor='#e9b96e'>Dump <i>$_FILES</i></th></tr>
<tr><th colspan='5' align='left' bgcolor='#e9b96e'>Dump <i>$_SESSION</i></th></tr>
<tr><th colspan='5' align='left' bgcolor='#e9b96e'>Dump <i>$_REQUEST</i></th></tr>
</table></font>
<br />
<font size='1'><table class='xdebug-error xe-warning' dir='ltr' border='1' cellspacing='0' cellpadding='1'>
<tr><th align='left' bgcolor='#f57900' colspan="5"><span style='background-color: #cc0000; color: #fce94f; font-size: x-large;'>( ! )</span> Warning: shmop_read(): no shared memory segment with an id of [4294967295] in /home/marc/Development/projects/www/heili/deploy/core/shm/sharedmemoryreader.class.php on line <i>83</i></th></tr>
<tr><th align='left' bgcolor='#e9b96e' colspan='5'>Call Stack</th></tr>
<tr><th align='center' bgcolor='#eeeeec'>#</th><th align='left' bgcolor='#eeeeec'>Time</th><th align='left' bgcolor='#eeeeec'>Memory</th><th align='left' bgcolor='#eeeeec'>Function</th><th align='left' bgcolor='#eeeeec'>Location</th></tr>
<tr><td bgcolor='#eeeeec' align='center'>1</td><td bgcolor='#eeeeec' align='center'>0.0001</td><td bgcolor='#eeeeec' align='right'>131996</td><td bgcolor='#eeeeec'>{main}(  )</td><td title='/home/marc/Development/projects/www/heili/deploy/examples/shm/shmhandler.php' bgcolor='#eeeeec'>../shmhandler.php<b>:</b>0</td></tr>
<tr><td bgcolor='#eeeeec' align='center'>2</td><td bgcolor='#eeeeec' align='center'>0.1344</td><td bgcolor='#eeeeec' align='right'>248716</td><td bgcolor='#eeeeec'>core\shm\handler\SharedMemoryHandler->get(  )</td><td title='/home/marc/Development/projects/www/heili/deploy/examples/shm/shmhandler.php' bgcolor='#eeeeec'>../shmhandler.php<b>:</b>24</td></tr>
<tr><td bgcolor='#eeeeec' align='center'>3</td><td bgcolor='#eeeeec' align='center'>0.1467</td><td bgcolor='#eeeeec' align='right'>265500</td><td bgcolor='#eeeeec'>core\shm\SharedMemoryReader->read(  )</td><td title='/home/marc/Development/projects/www/heili/deploy/core/shm/handler/sharedmemoryhandler.class.php' bgcolor='#eeeeec'>../sharedmemoryhandler.class.php<b>:</b>620</td></tr>
<tr><td bgcolor='#eeeeec' align='center'>4</td><td bgcolor='#eeeeec' align='center'>0.1647</td><td bgcolor='#eeeeec' align='right'>266012</td><td bgcolor='#eeeeec'><a href='http://www.php.net/function.shmop-read' target='_new'>shmop_read</a>
(  )</td><td title='/home/marc/Development/projects/www/heili/deploy/core/shm/sharedmemoryreader.class.php' bgcolor='#eeeeec'>../sharedmemoryreader.class.php<b>:</b>83</td></tr>
</table></font>
<br />
<font size='1'><table class='xdebug-error xe-warning' dir='ltr' border='1' cellspacing='0' cellpadding='1'>
<tr><th align='left' bgcolor='#f57900' colspan="5"><span style='background-color: #cc0000; color: #fce94f; font-size: x-large;'>( ! )</span> Warning: sem_release(): failed to release key 0x6104822b: Invalid argument in /home/marc/Development/projects/www/heili/deploy/core/control/handler/semaphorehandler.class.php on line <i>140</i></th></tr>
<tr><th align='left' bgcolor='#e9b96e' colspan='5'>Call Stack</th></tr>
<tr><th align='center' bgcolor='#eeeeec'>#</th><th align='left' bgcolor='#eeeeec'>Time</th><th align='left' bgcolor='#eeeeec'>Memory</th><th align='left' bgcolor='#eeeeec'>Function</th><th align='left' bgcolor='#eeeeec'>Location</th></tr>
<tr><td bgcolor='#eeeeec' align='center'>1</td><td bgcolor='#eeeeec' align='center'>0.0001</td><td bgcolor='#eeeeec' align='right'>131996</td><td bgcolor='#eeeeec'>{main}(  )</td><td title='/home/marc/Development/projects/www/heili/deploy/examples/shm/shmhandler.php' bgcolor='#eeeeec'>../shmhandler.php<b>:</b>0</td></tr>
<tr><td bgcolor='#eeeeec' align='center'>2</td><td bgcolor='#eeeeec' align='center'>0.1344</td><td bgcolor='#eeeeec' align='right'>248716</td><td bgcolor='#eeeeec'>core\shm\handler\SharedMemoryHandler->get(  )</td><td title='/home/marc/Development/projects/www/heili/deploy/examples/shm/shmhandler.php' bgcolor='#eeeeec'>../shmhandler.php<b>:</b>24</td></tr>
<tr><td bgcolor='#eeeeec' align='center'>3</td><td bgcolor='#eeeeec' align='center'>0.1650</td><td bgcolor='#eeeeec' align='right'>265928</td><td bgcolor='#eeeeec'>core\shm\handler\SharedMemoryHandler->detach(  )</td><td title='/home/marc/Development/projects/www/heili/deploy/core/shm/handler/sharedmemoryhandler.class.php' bgcolor='#eeeeec'>../sharedmemoryhandler.class.php<b>:</b>644</td></tr>
<tr><td bgcolor='#eeeeec' align='center'>4</td><td bgcolor='#eeeeec' align='center'>0.1653</td><td bgcolor='#eeeeec' align='right'>265956</td><td bgcolor='#eeeeec'>core\control\handler\SemaphoreHandler->release(  )</td><td title='/home/marc/Development/projects/www/heili/deploy/core/shm/handler/sharedmemoryhandler.class.php' bgcolor='#eeeeec'>../sharedmemoryhandler.class.php<b>:</b>485</td></tr>
<tr><td bgcolor='#eeeeec' align='center'>5</td><td bgcolor='#eeeeec' align='center'>0.1653</td><td bgcolor='#eeeeec' align='right'>266012</td><td bgcolor='#eeeeec'><a href='http://www.php.net/function.sem-release' target='_new'>sem_release</a>
(  )</td><td title='/home/marc/Development/projects/www/heili/deploy/core/control/handler/semaphorehandler.class.php' bgcolor='#eeeeec'>../semaphorehandler.class.php<b>:</b>140</td></tr>
</table></font>
<br />
<font size='1'><table class='xdebug-error xe-warning' dir='ltr' border='1' cellspacing='0' cellpadding='1'>
<tr><th align='left' bgcolor='#f57900' colspan="5"><span style='background-color: #cc0000; color: #fce94f; font-size: x-large;'>( ! )</span> Warning: sem_release(): failed to release key 0x4104822b: Invalid argument in /home/marc/Development/projects/www/heili/deploy/core/control/handler/semaphorehandler.class.php on line <i>140</i></th></tr>
<tr><th align='left' bgcolor='#e9b96e' colspan='5'>Call Stack</th></tr>
<tr><th align='center' bgcolor='#eeeeec'>#</th><th align='left' bgcolor='#eeeeec'>Time</th><th align='left' bgcolor='#eeeeec'>Memory</th><th align='left' bgcolor='#eeeeec'>Function</th><th align='left' bgcolor='#eeeeec'>Location</th></tr>
<tr><td bgcolor='#eeeeec' align='center'>1</td><td bgcolor='#eeeeec' align='center'>0.0001</td><td bgcolor='#eeeeec' align='right'>131996</td><td bgcolor='#eeeeec'>{main}(  )</td><td title='/home/marc/Development/projects/www/heili/deploy/examples/shm/shmhandler.php' bgcolor='#eeeeec'>../shmhandler.php<b>:</b>0</td></tr>
<tr><td bgcolor='#eeeeec' align='center'>2</td><td bgcolor='#eeeeec' align='center'>0.1344</td><td bgcolor='#eeeeec' align='right'>248716</td><td bgcolor='#eeeeec'>core\shm\handler\SharedMemoryHandler->get(  )</td><td title='/home/marc/Development/projects/www/heili/deploy/examples/shm/shmhandler.php' bgcolor='#eeeeec'>../shmhandler.php<b>:</b>24</td></tr>
<tr><td bgcolor='#eeeeec' align='center'>3</td><td bgcolor='#eeeeec' align='center'>0.1650</td><td bgcolor='#eeeeec' align='right'>265928</td><td bgcolor='#eeeeec'>core\shm\handler\SharedMemoryHandler->detach(  )</td><td title='/home/marc/Development/projects/www/heili/deploy/core/shm/handler/sharedmemoryhandler.class.php' bgcolor='#eeeeec'>../sharedmemoryhandler.class.php<b>:</b>644</td></tr>
<tr><td bgcolor='#eeeeec' align='center'>4</td><td bgcolor='#eeeeec' align='center'>0.1659</td><td bgcolor='#eeeeec' align='right'>265984</td100 29387    0 29387    0     0  34741      0 --:--:-- --:--:-- --:--:-- 34777
* Connection #0 to host heili.berlin.lo left intact
><td bgcolor='#eeeeec'>core\control\handler\SemaphoreHandler->release(  )</td><td title='/home/marc/Development/projects/www/heili/deploy/core/shm/handler/sharedmemoryhandler.class.php' bgcolor='#eeeeec'>../sharedmemoryhandler.class.php<b>:</b>488</td></tr>
<tr><td bgcolor='#eeeeec' align='center'>5</td><td bgcolor='#eeeeec' align='center'>0.1659</td><td bgcolor='#eeeeec' align='right'>266040</td><td bgcolor='#eeeeec'><a href='http://www.php.net/function.sem-release' target='_new'>sem_release</a>
(  )</td><td title='/home/marc/Development/projects/www/heili/deploy/core/control/handler/semaphorehandler.class.php' bgcolor='#eeeeec'>../semaphorehandler.class.php<b>:</b>140</td></tr>
</table></font>
r=''<br/>
---
---
